14.04.2025 - 16:23:31 - [TAB v5.2.0] Blocked attempt to add player 31f1ee into team CMINP0 (expected team: 731f1eeA)
14.04.2025 - 17:13:43 - [TAB v5.2.0] Blocked attempt to add player 31f1ee into team CMINP1 (expected team: 631f1eeA)
14.04.2025 - 17:38:46 - [TAB v5.2.0] Blocked attempt to add player 31f1ee into team CMINP1 (expected team: 631f1eeA)
14.04.2025 - 18:29:58 - [TAB v5.2.0] Blocked attempt to add player 31f1ee into team CMINP1 (expected team: 631f1eeA)
14.04.2025 - 18:32:12 - [TAB v5.2.0] Blocked attempt to add player 31f1ee into team CMINP1 (expected team: 631f1eeA)
14.04.2025 - 18:39:49 - [TAB v5.2.0] Blocked attempt to add player 31f1ee into team CMINP1 (expected team: 631f1eeA)
14.04.2025 - 18:46:41 - [TAB v5.2.0] Blocked attempt to add player 31f1ee into team CMINP1 (expected team: 631f1eeA)
14.04.2025 - 19:00:45 - [TAB v5.2.0] Blocked attempt to add player 31f1ee into team CMINP1 (expected team: 631f1eeA)
15.04.2025 - 08:43:57 - [TAB v5.2.0] Blocked attempt to add player Herobrine into team CMINP0 (expected team: 6HerobrineA)
15.04.2025 - 08:54:20 - [TAB v5.2.0] Blocked attempt to add player 31f1ee into team CMINP1 (expected team: 631f1eeA)
15.04.2025 - 15:46:16 - [TAB v5.2.0] Blocked attempt to add player 31f1ee into team CMINP1 (expected team: 631f1eeA)
15.04.2025 - 16:05:25 - [TAB v5.2.0] Blocked attempt to add player 31f1ee into team CMINP1 (expected team: 631f1eeA)
15.04.2025 - 16:17:41 - [TAB v5.2.0] Blocked attempt to add player 31f1ee into team CMINP1 (expected team: 631f1eeA)
15.04.2025 - 16:32:58 - [TAB v5.2.0] Blocked attempt to add player 31f1ee into team CMINP1 (expected team: 631f1eeA)
15.04.2025 - 16:39:13 - [TAB v5.2.0] Blocked attempt to add player 31f1ee into team CMINP1 (expected team: 631f1eeA)
15.04.2025 - 16:42:45 - [TAB v5.2.0] Blocked attempt to add player 31f1ee into team CMINP1 (expected team: 631f1eeA)
15.04.2025 - 17:40:37 - [TAB v5.2.0] Blocked attempt to add player 31f1ee into team CMINP1 (expected team: 631f1eeA)
15.04.2025 - 17:43:38 - [TAB v5.2.0] Blocked attempt to add player 31f1ee into team CMINP1 (expected team: 631f1eeA)
15.04.2025 - 17:48:18 - [TAB v5.2.0] Blocked attempt to add player 31f1ee into team CMINP1 (expected team: 631f1eeA)
15.04.2025 - 17:50:33 - [TAB v5.2.0] Blocked attempt to add player 31f1ee into team CMINP1 (expected team: 631f1eeA)
15.04.2025 - 17:53:04 - [TAB v5.2.0] Blocked attempt to add player 31f1ee into team CMINP1 (expected team: 631f1eeA)
15.04.2025 - 18:05:22 - [TAB v5.2.0] Blocked attempt to add player 31f1ee into team CMINP1 (expected team: 631f1eeA)
15.04.2025 - 18:44:53 - [TAB v5.2.0] Blocked attempt to add player 31f1ee into team CMINP1 (expected team: 631f1eeA)
15.04.2025 - 18:51:34 - [TAB v5.2.0] Blocked attempt to add player 31f1ee into team CMINP1 (expected team: 631f1eeA)
15.04.2025 - 19:16:01 - [TAB v5.2.0] Blocked attempt to add player 31f1ee into team CMINP1 (expected team: 631f1eeA)
15.04.2025 - 19:19:52 - [TAB v5.2.0] Blocked attempt to add player 31f1ee into team CMINP1 (expected team: 631f1eeA)
15.04.2025 - 22:38:24 - [TAB v5.2.0] Blocked attempt to add player 31f1ee into team CMINP1 (expected team: 631f1eeA)
15.04.2025 - 22:52:08 - [TAB v5.2.0] Blocked attempt to add player 31f1ee into team CMINP1 (expected team: 631f1eeA)
15.04.2025 - 23:02:06 - [TAB v5.2.0] Blocked attempt to add player 31f1ee into team CMINP1 (expected team: 631f1eeA)
16.04.2025 - 00:00:32 - [TAB v5.2.0] Blocked attempt to add player 31f1ee into team CMINP1 (expected team: 631f1eeA)
16.04.2025 - 00:02:40 - [TAB v5.2.0] Blocked attempt to add player sexv15 into team CMINP0 (expected team: 6sexv15A)
16.04.2025 - 00:19:54 - [TAB v5.2.0] Blocked attempt to add player 31f1ee into team CMINP1 (expected team: 631f1eeA)
16.04.2025 - 00:37:58 - [TAB v5.2.0] Blocked attempt to add player sexv15 into team CMINP3 (expected team: 6sexv15A)
16.04.2025 - 11:21:03 - [TAB v5.2.0] Blocked attempt to add player 31f1ee into team CMINP1 (expected team: 531f1eeA)
16.04.2025 - 13:00:55 - [TAB v5.2.0] Blocked attempt to add player 31f1ee into team CMINP1 (expected team: ?31f1eeA)
16.04.2025 - 13:39:20 - [TAB v5.2.0] Blocked attempt to add player 31f1ee into team CMINP1 (expected team: ?31f1eeA)
16.04.2025 - 13:44:49 - [TAB v5.2.0] Blocked attempt to add player 31f1ee into team CMINP1 (expected team: ?31f1eeA)
16.04.2025 - 13:59:57 - [TAB v5.2.0] Blocked attempt to add player 31f1ee into team CMINP1 (expected team: ?31f1eeA)
16.04.2025 - 14:20:12 - [TAB v5.2.0] Blocked attempt to add player 31f1ee into team CMINP1 (expected team: ?31f1eeA)
16.04.2025 - 14:31:08 - [TAB v5.2.0] Blocked attempt to add player 31f1ee into team CMINP1 (expected team: ?31f1eeA)
16.04.2025 - 14:52:38 - [TAB v5.2.0] Blocked attempt to add player 31f1ee into team CMINP1 (expected team: ?31f1eeA)
16.04.2025 - 15:05:43 - [TAB v5.2.0] Blocked attempt to add player 31f1ee into team CMINP1 (expected team: ?31f1eeA)
16.04.2025 - 15:37:26 - [TAB v5.2.0] Blocked attempt to add player 31f1ee into team CMINP1 (expected team: ?31f1eeA)
16.04.2025 - 15:39:59 - [TAB v5.2.0] Blocked attempt to add player 31f1ee into team CMINP1 (expected team: ?31f1eeA)
16.04.2025 - 15:53:12 - [TAB v5.2.0] Blocked attempt to add player 31f1ee into team CMINP1 (expected team: ?31f1eeA)
16.04.2025 - 15:54:34 - [TAB v5.2.0] Blocked attempt to add player 31f1ee into team CMINP1 (expected team: ?31f1eeA)
16.04.2025 - 16:12:58 - [TAB v5.2.0] Blocked attempt to add player 31f1ee into team CMINP1 (expected team: ?31f1eeA)
16.04.2025 - 16:26:01 - [TAB v5.2.0] Blocked attempt to add player 31f1ee into team CMINP1 (expected team: ?31f1eeA)
16.04.2025 - 16:27:06 - [TAB v5.2.0] Blocked attempt to add player kiskis081 into team CMINP0 (expected team: 3kiskis081A)
16.04.2025 - 16:27:18 - [TAB v5.2.0] Blocked attempt to add player 31f1ee into team CMINP1 (expected team: ?31f1eeA)
16.04.2025 - 16:34:06 - [TAB v5.2.0] Blocked attempt to add player wht3dev into team CMINP0 (expected team: 3wht3devA)
16.04.2025 - 16:58:02 - [TAB v5.2.0] Blocked attempt to add player 31f1ee into team CMINP1 (expected team: ?31f1eeA)
16.04.2025 - 16:58:14 - [TAB v5.2.0] Blocked attempt to add player kiskis081 into team CMINP4 (expected team: 3kiskis081A)
16.04.2025 - 17:02:53 - [TAB v5.2.0] Blocked attempt to add player kiskis081 into team CMINP4 (expected team: 3kiskis081A)
16.04.2025 - 17:03:08 - [TAB v5.2.0] Blocked attempt to add player wht3dev into team CMINP5 (expected team: 3wht3devA)
16.04.2025 - 17:04:42 - [TAB v5.2.0] Blocked attempt to add player 31f1ee into team CMINP1 (expected team: ?31f1eeA)
16.04.2025 - 17:31:20 - [TAB v5.2.0] Blocked attempt to add player kiskis081 into team CMINP4 (expected team: 3kiskis081A)
16.04.2025 - 17:32:27 - [TAB v5.2.0] Blocked attempt to add player wht3dev into team CMINP5 (expected team: 3wht3devA)
16.04.2025 - 18:07:44 - [TAB v5.2.0] Blocked attempt to add player 31f1ee into team CMINP1 (expected team: ?31f1eeA)
16.04.2025 - 18:17:29 - [TAB v5.2.0] Blocked attempt to add player 31f1ee into team CMINP1 (expected team: ?31f1eeA)
16.04.2025 - 18:17:37 - [TAB v5.2.0] Blocked attempt to add player wht3dev into team CMINP5 (expected team: 3wht3devA)
16.04.2025 - 18:22:56 - [TAB v5.2.0] Blocked attempt to add player 31f1ee into team CMINP1 (expected team: ?31f1eeA)
16.04.2025 - 18:31:56 - [TAB v5.2.0] Blocked attempt to add player 31f1ee into team CMINP1 (expected team: ?31f1eeA)
16.04.2025 - 18:33:49 - [TAB v5.2.0] Blocked attempt to add player 31f1ee into team CMINP1 (expected team: ?31f1eeA)
16.04.2025 - 18:56:11 - [TAB v5.2.0] Blocked attempt to add player 31f1ee into team CMINP1 (expected team: ?31f1eeA)
16.04.2025 - 18:58:32 - [TAB v5.2.0] Blocked attempt to add player 31f1ee into team CMINP1 (expected team: ?31f1eeA)
16.04.2025 - 18:59:19 - [TAB v5.2.0] Blocked attempt to add player 31f1ee into team CMINP1 (expected team: ?31f1eeA)
16.04.2025 - 19:00:45 - [TAB v5.2.0] Blocked attempt to add player 31f1ee into team CMINP1 (expected team: ?31f1eeA)
16.04.2025 - 19:02:42 - [TAB v5.2.0] Blocked attempt to add player 31f1ee into team CMINP1 (expected team: ?31f1eeA)
16.04.2025 - 19:03:44 - [TAB v5.2.0] Blocked attempt to add player 31f1ee into team CMINP1 (expected team: ?31f1eeA)
16.04.2025 - 19:17:31 - [TAB v5.2.0] Blocked attempt to add player 31f1ee into team CMINP1 (expected team: ?31f1eeA)
16.04.2025 - 21:43:28 - [TAB v5.2.0] Blocked attempt to add player 31f1ee into team CMINP1 (expected team: ?31f1eeA)
16.04.2025 - 22:34:22 - [TAB v5.2.0] Blocked attempt to add player 31f1ee into team CMINP1 (expected team: ?31f1eeA)
16.04.2025 - 23:30:08 - [TAB v5.2.0] Blocked attempt to add player 31f1ee into team CMINP1 (expected team: ?31f1eeA)
17.04.2025 - 11:09:49 - [TAB v5.2.0] Blocked attempt to add player ServerSeeker into team CMINP0 (expected team: 3ServerSeekerA)
17.04.2025 - 14:10:03 - [TAB v5.2.0] Blocked attempt to add player wht3dev into team CMINP5 (expected team: 3wht3devA)
17.04.2025 - 14:16:03 - [TAB v5.2.0] Blocked attempt to add player sexv15 into team CMINP3 (expected team: 3sexv15A)
17.04.2025 - 14:21:31 - [TAB v5.2.0] Blocked attempt to add player wht3dev into team CMINP5 (expected team: 3wht3devA)
17.04.2025 - 14:41:03 - [TAB v5.2.0] Blocked attempt to add player sexv15 into team CMINP3 (expected team: 0sexv15A)
17.04.2025 - 14:48:44 - [TAB v5.2.0] Blocked attempt to add player wht3dev into team CMINP5 (expected team: 3wht3devA)
17.04.2025 - 15:08:11 - [TAB v5.2.0] Blocked attempt to add player dublnumber100 into team CMINP0 (expected team: 3dublnumber100A)
17.04.2025 - 15:11:44 - [TAB v5.2.0] Blocked attempt to add player wf1f1wwwe1ee into team CMINP0 (expected team: 3wf1f1wwwe1eeA)
17.04.2025 - 15:12:30 - [TAB v5.2.0] Blocked attempt to add player dublnumber100 into team CMINP7 (expected team: 3dublnumber100A)
17.04.2025 - 15:12:40 - [TAB v5.2.0] Blocked attempt to add player sexv15 into team CMINP3 (expected team: 0sexv15A)
17.04.2025 - 16:35:41 - [TAB v5.2.0] Blocked attempt to add player wht3dev into team CMINP5 (expected team: 3wht3devA)
17.04.2025 - 19:08:08 - [TAB v5.2.0] Blocked attempt to add player SystemDev into team CMINP0 (expected team: 3SystemDevA)
17.04.2025 - 23:21:21 - [TAB v5.2.0] Blocked attempt to add player wht3dev into team CMINP5 (expected team: 3wht3devA)
17.04.2025 - 23:32:00 - [TAB v5.2.0] Blocked attempt to add player sexv15 into team CMINP3 (expected team: 0sexv15A)
18.04.2025 - 10:18:14 - [TAB v5.2.0] Blocked attempt to add player wht3dev into team CMINP5 (expected team: 3wht3devA)
18.04.2025 - 10:47:42 - [TAB v5.2.0] Blocked attempt to add player 31f1ee into team CMINP1 (expected team: ?31f1eeA)
18.04.2025 - 12:18:47 - [TAB v5.2.0] Blocked attempt to add player 31f1ee into team CMINP1 (expected team: ?31f1eeA)
18.04.2025 - 14:14:49 - [TAB v5.2.0] Blocked attempt to add player wht3dev into team CMINP5 (expected team: 3wht3devA)
18.04.2025 - 16:41:03 - [TAB v5.2.0] Blocked attempt to add player 31f1ee into team CMINP1 (expected team: ?31f1eeA)
18.04.2025 - 20:46:57 - [TAB v5.2.0] Blocked attempt to add player 31f1ee into team CMINP1 (expected team: ?31f1eeA)
18.04.2025 - 20:50:36 - [TAB v5.2.0] Blocked attempt to add player wht3dev into team CMINP5 (expected team: 3wht3devA)
18.04.2025 - 21:08:29 - [TAB v5.2.0] Blocked attempt to add player 31f1ee into team CMINP1 (expected team: ?31f1eeA)
18.04.2025 - 21:16:16 - [TAB v5.2.0] Blocked attempt to add player wht3dev into team CMINP5 (expected team: 3wht3devA)
18.04.2025 - 21:16:16 - [TAB v5.2.0] Blocked attempt to add player wht3dev into team CMINP5 (expected team: 3wht3devA)
18.04.2025 - 21:36:14 - [TAB v5.2.0] Blocked attempt to add player 31f1ee into team CMINP1 (expected team: ?31f1eeA)
18.04.2025 - 21:36:43 - [TAB v5.2.0] Blocked attempt to add player wht3dev into team CMINP5 (expected team: 3wht3devA)
18.04.2025 - 22:29:31 - [TAB v5.2.0] Blocked attempt to add player 31f1ee into team CMINP1 (expected team: ?31f1eeA)
18.04.2025 - 22:35:56 - [TAB v5.2.0] Blocked attempt to add player 31f1ee into team CMINP1 (expected team: ?31f1eeA)
19.04.2025 - 00:12:04 - [TAB v5.2.0] Blocked attempt to add player 31f1ee into team CMINP1 (expected team: ?31f1eeA)
19.04.2025 - 00:14:57 - [TAB v5.2.0] Blocked attempt to add player 31f1ee into team CMINP1 (expected team: ?31f1eeA)
19.04.2025 - 00:19:39 - [TAB v5.2.0] Blocked attempt to add player 31f1ee into team CMINP1 (expected team: ?31f1eeA)
19.04.2025 - 08:48:43 - [TAB v5.2.0] Blocked attempt to add player 31f1ee into team CMINP1 (expected team: ?31f1eeA)
19.04.2025 - 09:22:59 - [TAB v5.2.0] Blocked attempt to add player 31f1ee into team CMINP1 (expected team: ?31f1eeA)
19.04.2025 - 10:47:22 - [TAB v5.2.0] Blocked attempt to add player dublnumber100 into team CMINP7 (expected team: 3dublnumber100A)
19.04.2025 - 11:02:45 - [TAB v5.2.0] Blocked attempt to add player 31f1ee into team CMINP1 (expected team: ?31f1eeA)
19.04.2025 - 11:04:29 - [TAB v5.2.0] Blocked attempt to add player dublnumber100 into team CMINP7 (expected team: 3dublnumber100A)
19.04.2025 - 11:04:55 - [TAB v5.2.0] Blocked attempt to add player ediblerabbit into team CMINP0 (expected team: 3ediblerabbitA)
19.04.2025 - 11:05:39 - [TAB v5.2.0] Blocked attempt to add player 31f1ee into team CMINP1 (expected team: ?31f1eeA)
19.04.2025 - 12:32:56 - [TAB v5.2.0] Blocked attempt to add player 31f1ee into team CMINP1 (expected team: ?31f1eeA)
19.04.2025 - 15:08:29 - [TAB v5.2.0] Blocked attempt to add player ediblerabbit into team CMINP10 (expected team: 3ediblerabbitA)
19.04.2025 - 15:27:12 - [TAB v5.2.0] Blocked attempt to add player 31f1ee into team CMINP1 (expected team: ?31f1eeA)
19.04.2025 - 15:38:10 - [TAB v5.2.0] Blocked attempt to add player 31f1ee into team CMINP1 (expected team: ?31f1eeA)
19.04.2025 - 15:47:12 - [TAB v5.2.0] Blocked attempt to add player 31f1ee into team CMINP1 (expected team: ?31f1eeA)
19.04.2025 - 15:49:56 - [TAB v5.2.0] Blocked attempt to add player 31f1ee into team CMINP1 (expected team: ?31f1eeA)
19.04.2025 - 16:08:29 - [TAB v5.2.0] Blocked attempt to add player 31f1ee into team CMINP1 (expected team: ?31f1eeA)
19.04.2025 - 18:30:58 - [TAB v5.2.0] Blocked attempt to add player 31f1ee into team CMINP1 (expected team: ?31f1eeA)
19.04.2025 - 18:44:04 - [TAB v5.2.0] Blocked attempt to add player 31f1ee into team CMINP1 (expected team: ?31f1eeA)
19.04.2025 - 20:14:50 - [TAB v5.2.0] Blocked attempt to add player 31f1ee into team CMINP1 (expected team: ?31f1eeA)
19.04.2025 - 20:19:09 - [TAB v5.2.0] Blocked attempt to add player 31f1ee into team CMINP1 (expected team: ?31f1eeA)
19.04.2025 - 20:26:42 - [TAB v5.2.0] Blocked attempt to add player 31f1ee into team CMINP1 (expected team: ?31f1eeA)
19.04.2025 - 20:44:27 - [TAB v5.2.0] Blocked attempt to add player 31f1ee into team CMINP1 (expected team: ?31f1eeA)
19.04.2025 - 20:49:14 - [TAB v5.2.0] Blocked attempt to add player 31f1ee into team CMINP1 (expected team: ?31f1eeA)
19.04.2025 - 21:49:13 - [TAB v5.2.0] Blocked attempt to add player 31f1ee into team CMINP1 (expected team: ?31f1eeA)
19.04.2025 - 21:55:01 - [TAB v5.2.0] Blocked attempt to add player 31f1ee into team CMINP1 (expected team: ?31f1eeA)
19.04.2025 - 22:23:57 - [TAB v5.2.0] Blocked attempt to add player 31f1ee into team CMINP1 (expected team: ?31f1eeA)
19.04.2025 - 22:32:10 - [TAB v5.2.0] Blocked attempt to add player 31f1ee into team CMINP1 (expected team: 131f1eeA)
21.04.2025 - 19:57:27 - [TAB v5.2.0] Blocked attempt to add player dublnumber100 into team CMINP7 (expected team: 3dublnumber100A)
21.04.2025 - 19:57:41 - [TAB v5.2.0] Blocked attempt to add player 31f1ee into team CMINP1 (expected team: 131f1eeA)
21.04.2025 - 20:29:25 - [TAB v5.2.0] Blocked attempt to add player ediblerabbit into team CMINP10 (expected team: 3ediblerabbitA)
21.04.2025 - 20:33:01 - [TAB v5.2.0] Blocked attempt to add player 31f1ee into team CMINP1 (expected team: 131f1eeA)
21.04.2025 - 21:11:03 - [TAB v5.2.0] Blocked attempt to add player 31f1ee into team CMINP1 (expected team: 131f1eeA)
21.04.2025 - 21:18:56 - [TAB v5.2.0] Blocked attempt to add player ediblerabbit into team CMINP10 (expected team: 5ediblerabbitA)
21.04.2025 - 21:30:02 - [TAB v5.2.0] Blocked attempt to add player 31f1ee into team CMINP1 (expected team: 131f1eeA)
21.04.2025 - 21:32:35 - [TAB v5.2.0] Blocked attempt to add player 31f1ee into team CMINP1 (expected team: 131f1eeA)
21.04.2025 - 21:37:10 - [TAB v5.2.0] Blocked attempt to add player 31f1ee into team CMINP1 (expected team: 131f1eeA)
21.04.2025 - 22:09:09 - [TAB v5.2.0] Blocked attempt to add player 31f1ee into team CMINP1 (expected team: 131f1eeA)
21.04.2025 - 22:21:24 - [TAB v5.2.0] Blocked attempt to add player 31f1ee into team CMINP1 (expected team: 131f1eeA)
21.04.2025 - 22:27:31 - [TAB v5.2.0] Blocked attempt to add player 31f1ee into team CMINP1 (expected team: 131f1eeA)
22.04.2025 - 16:18:51 - [TAB v5.2.0] Blocked attempt to add player 31f1ee into team CMINP1 (expected team: 131f1eeA)
22.04.2025 - 16:20:47 - [TAB v5.2.0] Blocked attempt to add player 31f1ee into team CMINP1 (expected team: 131f1eeA)
22.04.2025 - 16:22:51 - [TAB v5.2.0] Blocked attempt to add player 31f1ee into team CMINP1 (expected team: 131f1eeA)
22.04.2025 - 16:32:44 - [TAB v5.2.0] Blocked attempt to add player 31f1ee into team CMINP1 (expected team: 131f1eeA)
22.04.2025 - 16:35:52 - [TAB v5.2.0] Blocked attempt to add player 31f1ee into team CMINP1 (expected team: 131f1eeA)
22.04.2025 - 16:55:03 - [TAB v5.2.0] Blocked attempt to add player SystemDevs into team CMINP0 (expected team: 3SystemDevsA)
22.04.2025 - 18:08:06 - [TAB v5.2.0] Blocked attempt to add player 31f1ee into team CMINP1 (expected team: 131f1eeA)
22.04.2025 - 18:31:27 - [TAB v5.2.0] Blocked attempt to add player 31f1ee into team CMINP1 (expected team: 131f1eeA)
22.04.2025 - 18:33:18 - [TAB v5.2.0] Blocked attempt to add player 31f1ee into team CMINP1 (expected team: 131f1eeA)
22.04.2025 - 18:54:02 - [TAB v5.2.0] Blocked attempt to add player 31f1ee into team CMINP1 (expected team: 131f1eeA)
22.04.2025 - 20:06:44 - [TAB v5.2.0] Blocked attempt to add player 31f1ee into team CMINP1 (expected team: 131f1eeA)
22.04.2025 - 20:32:06 - [TAB v5.2.0] Blocked attempt to add player 31f1ee into team CMINP1 (expected team: 131f1eeA)
22.04.2025 - 20:48:20 - [TAB v5.2.0] Blocked attempt to add player 31f1ee into team CMINP1 (expected team: A31f1eeA)
22.04.2025 - 20:58:25 - [TAB v5.2.0] Blocked attempt to add player 31f1ee into team CMINP1 (expected team: A31f1eeA)
22.04.2025 - 21:00:28 - [TAB v5.2.0] Blocked attempt to add player 31f1ee into team CMINP1 (expected team: A31f1eeA)
22.04.2025 - 21:02:47 - [TAB v5.2.0] Blocked attempt to add player 31f1ee into team CMINP1 (expected team: A31f1eeA)
22.04.2025 - 21:04:35 - [TAB v5.2.0] Blocked attempt to add player 31f1ee into team CMINP1 (expected team: A31f1eeA)
22.04.2025 - 21:08:16 - [TAB v5.2.0] Blocked attempt to add player 31f1ee into team CMINP1 (expected team: A31f1eeA)
22.04.2025 - 21:10:28 - [TAB v5.2.0] Blocked attempt to add player ediblerabbit into team CMINP10 (expected team: 5ediblerabbitA)
22.04.2025 - 21:15:33 - [TAB v5.2.0] Blocked attempt to add player ediblerabbit into team CMINP10 (expected team: :ediblerabbitA)
22.04.2025 - 21:32:39 - [TAB v5.2.0] Blocked attempt to add player ediblerabbit into team CMINP10 (expected team: :ediblerabbitA)
22.04.2025 - 21:37:41 - [TAB v5.2.0] Blocked attempt to add player ediblerabbit into team CMINP10 (expected team: :ediblerabbitA)
22.04.2025 - 22:05:53 - [TAB v5.2.0] Blocked attempt to add player 31f1ee into team CMINP1 (expected team: A31f1eeA)
23.04.2025 - 20:36:50 - [TAB v5.2.0] Blocked attempt to add player ediblerabbit into team CMINP10 (expected team: :ediblerabbitA)
23.04.2025 - 21:46:14 - [TAB v5.2.0] Blocked attempt to add player 31f1ee into team CMINP1 (expected team: A31f1eeA)
23.04.2025 - 21:53:13 - [TAB v5.2.0] Blocked attempt to add player 31f1ee into team CMINP1 (expected team: A31f1eeA)
23.04.2025 - 22:06:18 - [TAB v5.2.0] Blocked attempt to add player 31f1ee into team CMINP1 (expected team: A31f1eeA)
23.04.2025 - 22:11:08 - [TAB v5.2.0] Blocked attempt to add player 31f1ee into team CMINP1 (expected team: A31f1eeA)
26.04.2025 - 09:23:38 - [TAB v5.2.0] Blocked attempt to add player SystemDev into team CMINP9 (expected team: 3SystemDevA)
27.04.2025 - 12:26:27 - [TAB v5.2.0] Blocked attempt to add player 31f1ee into team CMINP1 (expected team: A31f1eeA)
27.04.2025 - 12:50:51 - [TAB v5.2.0] Blocked attempt to add player 31f1eUi into team CMINP0 (expected team: 331f1eUiA)
27.04.2025 - 12:59:06 - [TAB v5.2.0] Blocked attempt to add player 31f1ee into team CMINP1 (expected team: ?31f1eeA)
27.04.2025 - 13:24:01 - [TAB v5.2.0] Blocked attempt to add player abcdexyx into team CMINP0 (expected team: 3abcdexyxA)
27.04.2025 - 13:24:37 - [TAB v5.2.0] Blocked attempt to add player 31f1ee into team CMINP1 (expected team: ?31f1eeA)
27.04.2025 - 14:20:52 - [TAB v5.2.0] Blocked attempt to add player 31f1ee into team CMINP1 (expected team: ?31f1eeA)
27.04.2025 - 17:37:29 - [TAB v5.2.0] Blocked attempt to add player Shadowpoison into team CMINP0 (expected team: 3ShadowpoisonA)
27.04.2025 - 17:41:15 - [TAB v5.2.0] Blocked attempt to add player Fenix454 into team CMINP0 (expected team: 3Fenix454A)
27.04.2025 - 17:45:24 - [TAB v5.2.0] Blocked attempt to add player HidensPlay into team CMINP0 (expected team: 3HidensPlayA)
27.04.2025 - 20:42:10 - [TAB v5.2.0] Blocked attempt to add player VortexL into team CMINP0 (expected team: 3VortexLA)
27.04.2025 - 20:44:03 - [TAB v5.2.0] Blocked attempt to add player Fiks435 into team CMINP0 (expected team: 3Fiks435A)
29.04.2025 - 12:11:11 - [TAB v5.2.0] Blocked attempt to add player SystemDev into team CMINP9 (expected team: 3SystemDevA)
29.04.2025 - 14:02:17 - [TAB v5.2.0] Blocked attempt to add player 31f1ee into team CMINP1 (expected team: ?31f1eeA)
02.05.2025 - 20:10:16 - [TAB v5.2.0] Blocked attempt to add player 31f1ee into team CMINP1 (expected team: ?31f1eeA)
02.05.2025 - 20:18:59 - [TAB v5.2.0] Blocked attempt to add player 31f1ee into team CMINP1 (expected team: 331f1eeA)
02.05.2025 - 22:08:24 - [TAB v5.2.0] Blocked attempt to add player 31f1ee into team CMINP1 (expected team: 331f1eeA)
02.05.2025 - 22:15:16 - [TAB v5.2.0] Blocked attempt to add player 31f1ee into team CMINP1 (expected team: 331f1eeA)
02.05.2025 - 22:32:51 - [TAB v5.2.0] Blocked attempt to add player 31f1ee into team CMINP1 (expected team: 331f1eeA)
02.05.2025 - 22:35:13 - [TAB v5.2.0] Blocked attempt to add player 31f1ee into team CMINP1 (expected team: 331f1eeA)
02.05.2025 - 22:55:58 - [TAB v5.2.0] Blocked attempt to add player 31f1eUi into team CMINP12 (expected team: ?31f1eUiA)
02.05.2025 - 23:21:10 - [TAB v5.2.0] Blocked attempt to add player 31f1ee into team CMINP1 (expected team: 331f1eeA)
02.05.2025 - 23:32:30 - [TAB v5.2.0] Blocked attempt to add player 31f1ee into team CMINP1 (expected team: 331f1eeA)
03.05.2025 - 10:59:56 - [TAB v5.2.0] Blocked attempt to add player 31f1ee into team CMINP1 (expected team: ;31f1eeA)
03.05.2025 - 11:13:34 - [TAB v5.2.0] Blocked attempt to add player test31f into team CMINP0 (expected team: 3test31fA)
03.05.2025 - 11:19:23 - [TAB v5.2.0] Blocked attempt to add player 31f1ee into team CMINP1 (expected team: 431f1eeA)
03.05.2025 - 11:33:42 - [TAB v5.2.0] Blocked attempt to add player 31f1ee into team CMINP1 (expected team: B31f1eeA)
03.05.2025 - 11:50:56 - [TAB v5.2.0] Blocked attempt to add player 31f1ee into team CMINP1 (expected team: B31f1eeA)
03.05.2025 - 11:51:05 - [TAB v5.2.0] Blocked attempt to add player test31f into team CMINP21 (expected team: 6test31fA)
03.05.2025 - 12:14:25 - [TAB v5.2.0] Blocked attempt to add player 31f1ee into team CMINP1 (expected team: B31f1eeA)
03.05.2025 - 13:11:56 - [TAB v5.2.0] Blocked attempt to add player test31f into team CMINP21 (expected team: 6test31fA)
03.05.2025 - 14:47:28 - [TAB v5.2.0] Blocked attempt to add player 31f1ee into team CMINP1 (expected team: B31f1eeA)
03.05.2025 - 15:00:52 - [TAB v5.2.0] Blocked attempt to add player test31f into team CMINP21 (expected team: 6test31fA)
03.05.2025 - 15:11:56 - [TAB v5.2.0] Blocked attempt to add player 31f1ee into team CMINP1 (expected team: B31f1eeA)
03.05.2025 - 15:14:23 - [TAB v5.2.0] Blocked attempt to add player test31f into team CMINP21 (expected team: 6test31fA)
03.05.2025 - 15:18:23 - [TAB v5.2.0] Blocked attempt to add player test31f into team CMINP21 (expected team: <test31fA)
03.05.2025 - 15:18:28 - [TAB v5.2.0] Blocked attempt to add player 31f1ee into team CMINP1 (expected team: B31f1eeA)
03.05.2025 - 15:26:32 - [TAB v5.2.0] Blocked attempt to add player 31f1ee into team CMINP1 (expected team: B31f1eeA)
04.05.2025 - 04:58:15 - [TAB v5.2.0] Blocked attempt to add player 31f1eUi into team CMINP12 (expected team: ?31f1eUiA)
04.05.2025 - 04:58:28 - [TAB v5.2.0] Blocked attempt to add player ediblerabbit into team CMINP10 (expected team: :ediblerabbitA)
04.05.2025 - 04:58:39 - [TAB v5.2.0] Blocked attempt to add player wht3dev into team CMINP5 (expected team: 3wht3devA)
04.05.2025 - 04:58:52 - [TAB v5.2.0] Blocked attempt to add player sexv15 into team CMINP3 (expected team: 0sexv15A)
04.05.2025 - 04:59:04 - [TAB v5.2.0] Blocked attempt to add player kiskis081 into team CMINP4 (expected team: 3kiskis081A)
04.05.2025 - 04:59:16 - [TAB v5.2.0] Blocked attempt to add player wfe11e1eewew into team CMINP0 (expected team: 3wfe11e1eewewA)
04.05.2025 - 04:59:28 - [TAB v5.2.0] Blocked attempt to add player 3f3eeeeeef3 into team CMINP0 (expected team: 33f3eeeeeef3A)
04.05.2025 - 10:21:32 - [TAB v5.2.0] Blocked attempt to add player 31f1ee into team CMINP1 (expected team: B31f1eeA)
05.05.2025 - 20:13:55 - [TAB v5.2.0] Blocked attempt to add player 31f1ee into team CMINP1 (expected team: B31f1eeA)
05.05.2025 - 20:19:41 - [TAB v5.2.0] Blocked attempt to add player 31f1ee into team CMINP1 (expected team: B31f1eeA)
05.05.2025 - 20:23:46 - [TAB v5.2.0] Blocked attempt to add player 31f1ee into team CMINP1 (expected team: B31f1eeA)
05.05.2025 - 20:47:15 - [TAB v5.2.0] Blocked attempt to add player test31f into team CMINP21 (expected team: <test31fA)
05.05.2025 - 22:11:45 - [TAB v5.2.0] Blocked attempt to add player fw22 into team CMINP0 (expected team: 3fw22A)
05.05.2025 - 22:12:59 - [TAB v5.2.0] Blocked attempt to add player 31f1ee into team CMINP1 (expected team: B31f1eeA)
07.05.2025 - 15:53:56 - [TAB v5.2.0] Blocked attempt to add player 31f1ee into team CMINP1 (expected team: B31f1eeA)
07.05.2025 - 16:01:16 - [TAB v5.2.0] Blocked attempt to add player 31f1ee into team CMINP1 (expected team: B31f1eeA)
07.05.2025 - 16:31:44 - [TAB v5.2.0] Blocked attempt to add player 31f1ee into team CMINP1 (expected team: 331f1eeA)
07.05.2025 - 16:45:25 - [TAB v5.2.0] Blocked attempt to add player 31f1ee into team CMINP1 (expected team: 331f1eeA)
07.05.2025 - 16:53:46 - [TAB v5.2.0] Blocked attempt to add player 31f1ee into team CMINP1 (expected team: 331f1eeA)
07.05.2025 - 17:17:32 - [TAB v5.2.0] Blocked attempt to add player 31f1ee into team CMINP1 (expected team: ?31f1eeA)
07.05.2025 - 17:35:04 - [TAB v5.2.0] Blocked attempt to add player 31f1ee into team CMINP1 (expected team: ?31f1eeA)
07.05.2025 - 17:40:20 - [TAB v5.2.0] Blocked attempt to add player 31f1eUi into team CMINP12 (expected team: ?31f1eUiA)
