[00:31:58] [Server thread/INFO]: Starting Metrics. Opt-out using the global bStats config.
[00:32:14] [Server thread/INFO]: Enabling BAuction v1.3.3
[00:32:14] [Server thread/INFO]: [DEBUG] enable checkUpdate
[00:32:14] [Server thread/INFO]: [DEBUG] enable enable BMenuApi
[00:32:14] [Server thread/INFO]: [DEBUG] enable load MenuLoader
[00:32:14] [Server thread/INFO]: [DEBUG] enable load db cfg
[00:32:14] [Server thread/INFO]: [DEBUG] enable registerAdapters
[00:32:14] [Server thread/INFO]: [DEBUG] enable load UniqueNameGenerator
[00:32:14] [Server thread/INFO]: [DEBUG] enable load cfg
[00:32:14] [Server thread/INFO]: [DEBUG] enable load assetsManager
[00:32:14] [Server thread/INFO]: [DEBUG] enable load lang
[00:32:14] [Server thread/INFO]: [DEBUG] enable load logger
[00:32:14] [Server thread/INFO]: [DEBUG] enable load event manager
[00:32:14] [Server thread/INFO]: [DEBUG] enable load time util
[00:32:14] [Server thread/INFO]: [DEBUG] enable load TrieManager
[00:32:14] [Server thread/INFO]: [DEBUG] enable load econ
[00:32:14] [Server thread/INFO]: [DEBUG] enable load PAPI hook
[00:32:14] [Server thread/INFO]: [DEBUG] enable load black list
[00:32:14] [Server thread/INFO]: [DEBUG] enable load db
[00:32:14] [Server thread/INFO]: [DEBUG] enable check version
[00:32:14] [Server thread/INFO]: [DEBUG] enable init commands
[00:32:14] [bauc File Db loader/INFO]: Успешно загружено 0 предметов за 11 мс.
[11:39:21] [Server thread/INFO]: Disabling BAuction v1.3.3
[11:39:21] [Server thread/INFO]: [DEBUG] disable disable PAPI hook
[11:39:21] [Server thread/INFO]: [DEBUG] disable disable logger
[11:39:21] [Server thread/INFO]: [DEBUG] disable disable BMenuApi
[11:39:21] [Server thread/INFO]: [DEBUG] disable disable db
[11:39:21] [Server thread/INFO]: saved 0 items, 3 users and 0 unsold items in 1 ms
[11:39:21] [Server thread/INFO]: [DEBUG] disable unregisterAdapters
