[21:02:19] [Server thread/INFO]: Starting Metrics. Opt-out using the global bStats config.
[21:02:37] [Server thread/INFO]: Enabling BAuction v1.3.3
[21:02:37] [Server thread/INFO]: [DEBUG] enable checkUpdate
[21:02:37] [Server thread/INFO]: [DEBUG] enable enable BMenuApi
[21:02:37] [Server thread/INFO]: [DEBUG] enable load MenuLoader
[21:02:37] [Server thread/INFO]: [DEBUG] enable load db cfg
[21:02:37] [Server thread/INFO]: [DEBUG] enable registerAdapters
[21:02:37] [Server thread/INFO]: [DEBUG] enable load UniqueNameGenerator
[21:02:37] [Server thread/INFO]: [DEBUG] enable load cfg
[21:02:37] [Server thread/INFO]: [DEBUG] enable load assetsManager
[21:02:37] [Server thread/INFO]: [DEBUG] enable load lang
[21:02:37] [Server thread/INFO]: [DEBUG] enable load logger
[21:02:37] [Server thread/INFO]: [DEBUG] enable load event manager
[21:02:37] [Server thread/INFO]: [DEBUG] enable load time util
[21:02:37] [Server thread/INFO]: [DEBUG] enable load TrieManager
[21:02:37] [Server thread/INFO]: [DEBUG] enable load econ
[21:02:37] [Server thread/INFO]: [DEBUG] enable load PAPI hook
[21:02:37] [Server thread/INFO]: [DEBUG] enable load black list
[21:02:37] [Server thread/INFO]: [DEBUG] enable load db
[21:02:37] [Server thread/INFO]: [DEBUG] enable check version
[21:02:37] [Server thread/INFO]: [DEBUG] enable init commands
[21:02:37] [bauc File Db loader/INFO]: Успешно загружено 1 предметов за 12 мс.
[21:02:49] [Server thread/INFO]: [DEBUG] CraftPlayer{name=31f1ee} use command ah 
[21:03:28] [Server thread/INFO]: [DEBUG] CraftPlayer{name=31f1ee} use command ah 
[21:03:45] [Server thread/INFO]: Disabling BAuction v1.3.3
[21:03:45] [Server thread/INFO]: [DEBUG] disable disable PAPI hook
[21:03:45] [Server thread/INFO]: [DEBUG] disable disable logger
[21:03:45] [Server thread/INFO]: [DEBUG] disable disable BMenuApi
[21:03:45] [Server thread/INFO]: [DEBUG] disable disable db
[21:03:45] [Server thread/INFO]: saved 1 items, 1 users and 0 unsold items in 0 ms
[21:03:45] [Server thread/INFO]: [DEBUG] disable unregisterAdapters
