[16:47:51] [Server thread/INFO]: Starting Metrics. Opt-out using the global bStats config.
[16:48:08] [Server thread/INFO]: Enabling BAuction v1.3.3
[16:48:08] [Server thread/INFO]: [DEBUG] enable checkUpdate
[16:48:08] [Server thread/INFO]: [DEBUG] enable enable BMenuApi
[16:48:08] [Server thread/INFO]: [DEBUG] enable load MenuLoader
[16:48:08] [Server thread/INFO]: [DEBUG] enable load db cfg
[16:48:08] [Server thread/INFO]: [DEBUG] enable registerAdapters
[16:48:08] [Server thread/INFO]: [DEBUG] enable load UniqueNameGenerator
[16:48:08] [Server thread/INFO]: [DEBUG] enable load cfg
[16:48:08] [Server thread/INFO]: [DEBUG] enable load assetsManager
[16:48:08] [Server thread/INFO]: [DEBUG] enable load lang
[16:48:08] [Server thread/INFO]: [DEBUG] enable load logger
[16:48:08] [Server thread/INFO]: [DEBUG] enable load event manager
[16:48:08] [Server thread/INFO]: [DEBUG] enable load time util
[16:48:08] [Server thread/INFO]: [DEBUG] enable load TrieManager
[16:48:08] [Server thread/INFO]: [DEBUG] enable load econ
[16:48:08] [Server thread/INFO]: [DEBUG] enable load PAPI hook
[16:48:08] [Server thread/INFO]: [DEBUG] enable load black list
[16:48:08] [Server thread/INFO]: [DEBUG] enable load db
[16:48:08] [Server thread/INFO]: [DEBUG] enable check version
[16:48:08] [Server thread/INFO]: [DEBUG] enable init commands
[16:48:08] [bauc File Db loader/INFO]: Успешно загружено 0 предметов за 10 мс.
