[22:05:50] [Server thread/INFO]: Starting Metrics. Opt-out using the global bStats config.
[22:06:04] [Server thread/INFO]: Enabling BAuction v1.3.3
[22:06:04] [Server thread/INFO]: [DEBUG] enable checkUpdate
[22:06:04] [Server thread/INFO]: [DEBUG] enable enable BMenuApi
[22:06:04] [Server thread/INFO]: [DEBUG] enable load MenuLoader
[22:06:04] [Server thread/INFO]: [DEBUG] enable load db cfg
[22:06:04] [Server thread/INFO]: [DEBUG] enable registerAdapters
[22:06:04] [Server thread/INFO]: [DEBUG] enable load UniqueNameGenerator
[22:06:04] [Server thread/INFO]: [DEBUG] enable load cfg
[22:06:04] [Server thread/INFO]: [DEBUG] enable load assetsManager
[22:06:04] [Server thread/INFO]: [DEBUG] enable load lang
[22:06:04] [Server thread/INFO]: [DEBUG] enable load logger
[22:06:04] [Server thread/INFO]: [DEBUG] enable load event manager
[22:06:04] [Server thread/INFO]: [DEBUG] enable load time util
[22:06:04] [Server thread/INFO]: [DEBUG] enable load TrieManager
[22:06:04] [Server thread/INFO]: [DEBUG] enable load econ
[22:06:04] [Server thread/INFO]: [DEBUG] enable load PAPI hook
[22:06:04] [Server thread/INFO]: [DEBUG] enable load black list
[22:06:04] [Server thread/INFO]: [DEBUG] enable load db
[22:06:04] [Server thread/INFO]: [DEBUG] enable check version
[22:06:04] [Server thread/INFO]: [DEBUG] enable init commands
[22:06:04] [bauc File Db loader/INFO]: Успешно загружено 1 предметов за 51 мс.
[22:06:26] [Server thread/INFO]: [DEBUG] CraftPlayer{name=31f1ee} use command ah 
[22:07:19] [Server thread/INFO]: [DEBUG] CraftPlayer{name=31f1ee} use command bauc reload
[22:07:19] [Server thread/INFO]: [DEBUG] disable disable PAPI hook
[22:07:19] [Server thread/INFO]: [DEBUG] disable disable logger
[22:07:19] [Server thread/INFO]: [DEBUG] disable disable BMenuApi
[22:07:19] [Server thread/INFO]: [DEBUG] disable disable db
[22:07:19] [Server thread/INFO]: saved 1 items, 1 users and 0 unsold items in 1 ms
[22:07:19] [Server thread/INFO]: [DEBUG] disable unregisterAdapters
[22:07:19] [Server thread/INFO]: [DEBUG] enable checkUpdate
[22:07:19] [Server thread/INFO]: [DEBUG] enable enable BMenuApi
[22:07:19] [Server thread/INFO]: [DEBUG] enable load MenuLoader
[22:07:19] [Server thread/INFO]: [DEBUG] enable load db cfg
[22:07:19] [Server thread/INFO]: [DEBUG] enable registerAdapters
[22:07:19] [Server thread/INFO]: [DEBUG] enable load UniqueNameGenerator
[22:07:19] [Server thread/INFO]: [DEBUG] enable load cfg
[22:07:19] [Server thread/INFO]: [DEBUG] enable load assetsManager
[22:07:19] [Server thread/INFO]: [DEBUG] enable load lang
[22:07:19] [Server thread/INFO]: [DEBUG] enable load logger
[22:07:19] [Server thread/INFO]: [DEBUG] enable load event manager
[22:07:19] [Server thread/INFO]: [DEBUG] enable load time util
[22:07:19] [Server thread/INFO]: [DEBUG] enable load TrieManager
[22:07:19] [Server thread/INFO]: [DEBUG] enable load econ
[22:07:19] [Server thread/INFO]: [DEBUG] enable load PAPI hook
[22:07:19] [Server thread/INFO]: [DEBUG] enable load black list
[22:07:19] [Server thread/INFO]: [DEBUG] enable load db
[22:07:19] [Server thread/INFO]: [DEBUG] enable check version
[22:07:19] [Server thread/INFO]: [DEBUG] enable init commands
[22:07:19] [bauc File Db loader/INFO]: Успешно загружено 1 предметов за 1 мс.
[22:07:35] [Server thread/INFO]: [DEBUG] CraftPlayer{name=31f1ee} use command ah 
[22:08:32] [Server thread/INFO]: [DEBUG] CraftPlayer{name=31f1ee} use command bauc reload
[22:08:32] [Server thread/INFO]: [DEBUG] disable disable PAPI hook
[22:08:32] [Server thread/INFO]: [DEBUG] disable disable logger
[22:08:32] [Server thread/INFO]: [DEBUG] disable disable BMenuApi
[22:08:32] [Server thread/INFO]: [DEBUG] disable disable db
[22:08:32] [Server thread/INFO]: saved 1 items, 1 users and 0 unsold items in 1 ms
[22:08:32] [Server thread/INFO]: [DEBUG] disable unregisterAdapters
[22:08:32] [Server thread/INFO]: [DEBUG] enable checkUpdate
[22:08:32] [Server thread/INFO]: [DEBUG] enable enable BMenuApi
[22:08:32] [Server thread/INFO]: [DEBUG] enable load MenuLoader
[22:08:32] [Server thread/INFO]: [DEBUG] enable load db cfg
[22:08:32] [Server thread/INFO]: [DEBUG] enable registerAdapters
[22:08:32] [Server thread/INFO]: [DEBUG] enable load UniqueNameGenerator
[22:08:32] [Server thread/INFO]: [DEBUG] enable load cfg
[22:08:32] [Server thread/INFO]: [DEBUG] enable load assetsManager
[22:08:32] [Server thread/INFO]: [DEBUG] enable load lang
[22:08:32] [Server thread/INFO]: [DEBUG] enable load logger
[22:08:32] [Server thread/INFO]: [DEBUG] enable load event manager
[22:08:32] [Server thread/INFO]: [DEBUG] enable load time util
[22:08:32] [Server thread/INFO]: [DEBUG] enable load TrieManager
[22:08:32] [Server thread/INFO]: [DEBUG] enable load econ
[22:08:32] [Server thread/INFO]: [DEBUG] enable load PAPI hook
[22:08:32] [Server thread/INFO]: [DEBUG] enable load black list
[22:08:32] [Server thread/INFO]: [DEBUG] enable load db
[22:08:32] [Server thread/INFO]: [DEBUG] enable check version
[22:08:32] [Server thread/INFO]: [DEBUG] enable init commands
[22:08:32] [bauc File Db loader/INFO]: Успешно загружено 1 предметов за 0 мс.
[22:08:35] [Server thread/INFO]: [DEBUG] CraftPlayer{name=31f1ee} use command ah sell 3
[22:08:38] [Server thread/INFO]: [DEBUG] CraftPlayer{name=31f1ee} use command ah 
[22:08:44] [Server thread/INFO]: [DEBUG] CraftPlayer{name=31f1ee} use command ah 
[22:09:41] [Server thread/INFO]: [DEBUG] CraftPlayer{name=31f1ee} use command bauc reload
[22:09:41] [Server thread/INFO]: [DEBUG] disable disable PAPI hook
[22:09:41] [Server thread/INFO]: [DEBUG] disable disable logger
[22:09:41] [Server thread/INFO]: [DEBUG] disable disable BMenuApi
[22:09:41] [Server thread/INFO]: [DEBUG] disable disable db
[22:09:41] [Server thread/INFO]: saved 2 items, 1 users and 0 unsold items in 0 ms
[22:09:41] [Server thread/INFO]: [DEBUG] disable unregisterAdapters
[22:09:41] [Server thread/INFO]: [DEBUG] enable checkUpdate
[22:09:41] [Server thread/INFO]: [DEBUG] enable enable BMenuApi
[22:09:41] [Server thread/INFO]: [DEBUG] enable load MenuLoader
[22:09:41] [Server thread/INFO]: [DEBUG] enable load db cfg
[22:09:41] [Server thread/INFO]: [DEBUG] enable registerAdapters
[22:09:41] [Server thread/INFO]: [DEBUG] enable load UniqueNameGenerator
[22:09:41] [Server thread/INFO]: [DEBUG] enable load cfg
[22:09:41] [Server thread/INFO]: [DEBUG] enable load assetsManager
[22:09:41] [Server thread/INFO]: [DEBUG] enable load lang
[22:09:41] [Server thread/INFO]: [DEBUG] enable load logger
[22:09:41] [Server thread/INFO]: [DEBUG] enable load event manager
[22:09:41] [Server thread/INFO]: [DEBUG] enable load time util
[22:09:41] [Server thread/INFO]: [DEBUG] enable load TrieManager
[22:09:41] [Server thread/INFO]: [DEBUG] enable load econ
[22:09:41] [Server thread/INFO]: [DEBUG] enable load PAPI hook
[22:09:41] [Server thread/INFO]: [DEBUG] enable load black list
[22:09:41] [Server thread/INFO]: [DEBUG] enable load db
[22:09:41] [Server thread/INFO]: [DEBUG] enable check version
[22:09:41] [bauc File Db loader/INFO]: Успешно загружено 2 предметов за 1 мс.
[22:09:41] [Server thread/INFO]: [DEBUG] enable init commands
[22:09:42] [Server thread/INFO]: [DEBUG] CraftPlayer{name=31f1ee} use command ah 
[22:10:01] [Server thread/INFO]: Disabling BAuction v1.3.3
[22:10:01] [Server thread/INFO]: [DEBUG] disable disable PAPI hook
[22:10:01] [Server thread/INFO]: [DEBUG] disable disable logger
[22:10:01] [Server thread/INFO]: [DEBUG] disable disable BMenuApi
[22:10:01] [Server thread/INFO]: [DEBUG] disable disable db
[22:10:01] [Server thread/INFO]: saved 2 items, 1 users and 0 unsold items in 0 ms
[22:10:01] [Server thread/INFO]: [DEBUG] disable unregisterAdapters
