[20:21:36] [Server thread/INFO]: Starting Metrics. Opt-out using the global bStats config.
[20:21:51] [Server thread/INFO]: Enabling BAuction v1.3.3
[20:21:51] [Server thread/INFO]: [DEBUG] enable checkUpdate
[20:21:51] [Server thread/INFO]: [DEBUG] enable enable BMenuApi
[20:21:51] [Server thread/INFO]: [DEBUG] enable load MenuLoader
[20:21:51] [Server thread/INFO]: [DEBUG] enable load db cfg
[20:21:51] [Server thread/INFO]: [DEBUG] enable registerAdapters
[20:21:51] [Server thread/INFO]: [DEBUG] enable load UniqueNameGenerator
[20:21:51] [Server thread/INFO]: [DEBUG] enable load cfg
[20:21:51] [Server thread/INFO]: [DEBUG] enable load assetsManager
[20:21:51] [Server thread/INFO]: [DEBUG] enable load lang
[20:21:51] [Server thread/INFO]: [DEBUG] enable load logger
[20:21:51] [Server thread/INFO]: [DEBUG] enable load event manager
[20:21:51] [Server thread/INFO]: [DEBUG] enable load time util
[20:21:51] [Server thread/INFO]: [DEBUG] enable load TrieManager
[20:21:51] [Server thread/INFO]: [DEBUG] enable load econ
[20:21:51] [Server thread/INFO]: [DEBUG] enable load PAPI hook
[20:21:51] [Server thread/INFO]: [DEBUG] enable load black list
[20:21:51] [Server thread/INFO]: [DEBUG] enable load db
[20:21:51] [Server thread/INFO]: [DEBUG] enable check version
[20:21:51] [Server thread/INFO]: [DEBUG] enable init commands
[20:21:51] [bauc File Db loader/INFO]: Успешно загружено 0 предметов за 6 мс.
