[22:07:38] [Server thread/INFO]: Starting Metrics. Opt-out using the global bStats config.
[22:07:52] [Server thread/INFO]: Enabling BAuction v1.3.3
[22:07:52] [Server thread/INFO]: [DEBUG] enable checkUpdate
[22:07:52] [Server thread/INFO]: [DEBUG] enable enable BMenuApi
[22:07:52] [Server thread/INFO]: [DEBUG] enable load MenuLoader
[22:07:52] [Server thread/INFO]: [DEBUG] enable load db cfg
[22:07:52] [Server thread/INFO]: [DEBUG] enable registerAdapters
[22:07:52] [Server thread/INFO]: [DEBUG] enable load UniqueNameGenerator
[22:07:52] [Server thread/INFO]: [DEBUG] enable load cfg
[22:07:52] [Server thread/INFO]: [DEBUG] enable load assetsManager
[22:07:52] [Server thread/INFO]: [DEBUG] enable load lang
[22:07:52] [Server thread/INFO]: [DEBUG] enable load logger
[22:07:52] [Server thread/INFO]: [DEBUG] enable load event manager
[22:07:52] [Server thread/INFO]: [DEBUG] enable load time util
[22:07:52] [Server thread/INFO]: [DEBUG] enable load TrieManager
[22:07:52] [Server thread/INFO]: [DEBUG] enable load econ
[22:07:52] [Server thread/INFO]: [DEBUG] enable load PAPI hook
[22:07:52] [Server thread/INFO]: [DEBUG] enable load black list
[22:07:52] [Server thread/INFO]: [DEBUG] enable load db
[22:07:52] [Server thread/INFO]: [DEBUG] enable check version
[22:07:52] [Server thread/INFO]: [DEBUG] enable init commands
[22:07:52] [bauc File Db loader/INFO]: Успешно загружено 0 предметов за 23 мс.
[22:14:28] [Server thread/INFO]: Disabling BAuction v1.3.3
[22:14:28] [Server thread/INFO]: [DEBUG] disable disable PAPI hook
[22:14:28] [Server thread/INFO]: [DEBUG] disable disable logger
[22:14:28] [Server thread/INFO]: [DEBUG] disable disable BMenuApi
[22:14:28] [Server thread/INFO]: [DEBUG] disable disable db
[22:14:28] [Server thread/INFO]: saved 0 items, 3 users and 0 unsold items in 1 ms
[22:14:28] [Server thread/INFO]: [DEBUG] disable unregisterAdapters
