[11:39:39] [Server thread/INFO]: Starting Metrics. Opt-out using the global bStats config.
[11:39:52] [Server thread/INFO]: Enabling BAuction v1.3.3
[11:39:52] [Server thread/INFO]: [DEBUG] enable checkUpdate
[11:39:52] [Server thread/INFO]: [DEBUG] enable enable BMenuApi
[11:39:52] [Server thread/INFO]: [DEBUG] enable load MenuLoader
[11:39:52] [Server thread/INFO]: [DEBUG] enable load db cfg
[11:39:52] [Server thread/INFO]: [DEBUG] enable registerAdapters
[11:39:52] [Server thread/INFO]: [DEBUG] enable load UniqueNameGenerator
[11:39:52] [Server thread/INFO]: [DEBUG] enable load cfg
[11:39:52] [Server thread/INFO]: [DEBUG] enable load assetsManager
[11:39:52] [Server thread/INFO]: [DEBUG] enable load lang
[11:39:52] [Server thread/INFO]: [DEBUG] enable load logger
[11:39:52] [Server thread/INFO]: [DEBUG] enable load event manager
[11:39:52] [Server thread/INFO]: [DEBUG] enable load time util
[11:39:52] [Server thread/INFO]: [DEBUG] enable load TrieManager
[11:39:52] [Server thread/INFO]: [DEBUG] enable load econ
[11:39:52] [Server thread/INFO]: [DEBUG] enable load PAPI hook
[11:39:52] [Server thread/INFO]: [DEBUG] enable load black list
[11:39:52] [Server thread/INFO]: [DEBUG] enable load db
[11:39:52] [Server thread/INFO]: [DEBUG] enable check version
[11:39:52] [Server thread/INFO]: [DEBUG] enable init commands
[11:39:52] [bauc File Db loader/INFO]: Успешно загружено 0 предметов за 6 мс.
[11:46:29] [Server thread/INFO]: Disabling BAuction v1.3.3
[11:46:29] [Server thread/INFO]: [DEBUG] disable disable PAPI hook
[11:46:29] [Server thread/INFO]: [DEBUG] disable disable logger
[11:46:29] [Server thread/INFO]: [DEBUG] disable disable BMenuApi
[11:46:29] [Server thread/INFO]: [DEBUG] disable disable db
[11:46:29] [Server thread/INFO]: saved 0 items, 3 users and 0 unsold items in 0 ms
[11:46:29] [Server thread/INFO]: [DEBUG] disable unregisterAdapters
