[21:52:35] [Server thread/INFO]: Starting Metrics. Opt-out using the global bStats config.
[21:52:48] [Server thread/INFO]: Enabling BAuction v1.3.3
[21:52:48] [Server thread/INFO]: [DEBUG] enable checkUpdate
[21:52:48] [Server thread/INFO]: [DEBUG] enable enable BMenuApi
[21:52:48] [Server thread/INFO]: [DEBUG] enable load MenuLoader
[21:52:48] [Server thread/INFO]: [DEBUG] enable load db cfg
[21:52:48] [Server thread/INFO]: [DEBUG] enable registerAdapters
[21:52:48] [Server thread/INFO]: [DEBUG] enable load UniqueNameGenerator
[21:52:48] [Server thread/INFO]: [DEBUG] enable load cfg
[21:52:48] [Server thread/INFO]: [DEBUG] enable load assetsManager
[21:52:48] [Server thread/INFO]: [DEBUG] enable load lang
[21:52:48] [Server thread/INFO]: [DEBUG] enable load logger
[21:52:48] [Server thread/INFO]: [DEBUG] enable load event manager
[21:52:48] [Server thread/INFO]: [DEBUG] enable load time util
[21:52:48] [Server thread/INFO]: [DEBUG] enable load TrieManager
[21:52:48] [Server thread/INFO]: [DEBUG] enable load econ
[21:52:48] [Server thread/INFO]: [DEBUG] enable load PAPI hook
[21:52:48] [Server thread/INFO]: [DEBUG] enable load black list
[21:52:48] [Server thread/INFO]: [DEBUG] enable load db
[21:52:48] [Server thread/INFO]: [DEBUG] enable check version
[21:52:48] [Server thread/INFO]: [DEBUG] enable init commands
[21:52:48] [bauc File Db loader/INFO]: Успешно загружено 1 предметов за 22 мс.
[21:53:16] [Server thread/INFO]: [DEBUG] CraftPlayer{name=31f1ee} use command ah 
[21:53:21] [Server thread/INFO]: [DEBUG] CraftPlayer{name=31f1ee} use command ah 
[21:53:45] [Server thread/INFO]: [DEBUG] CraftPlayer{name=31f1ee} use command ah sell 22
[21:53:45] [Server thread/SEVERE]: An error occurred while event listener default-listener was processing the event.
org.by1337.blib.command.CommandSyntaxError: 'UI_BUTTON_CLICK' - недопустимая опция! Все возможные значения для [ENTITY.ALLAY.AMBIENT_WITH_ITEM, BLOCK.LODESTONE.FALL, MUSIC_DISC.CREATOR_MUSIC_BOX, BLOCK.TUFF.PLACE, ENTITY.GLOW_ITEM_FRAME.BREAK]: 1641 и другие...
	at BLib-1.5.3.jar//org.by1337.blib.command.argument.ArgumentSetList.process(ArgumentSetList.java:61)
	at BLib-1.5.3.jar//org.by1337.blib.command.argument.ArgumentEnumValue.process(ArgumentEnumValue.java:56)
	at BLib-1.5.3.jar//org.by1337.blib.command.argument.Argument.process(Argument.java:46)
	at BLib-1.5.3.jar//org.by1337.blib.command.Command.process(Command.java:143)
	at BLib-1.5.3.jar//org.by1337.blib.command.Command.process(Command.java:127)
	at BLib-1.5.3.jar//org.by1337.blib.command.Command.process(Command.java:110)
	at BAuction-1.3.3-ru(1).jar//org.by1337.bauction.event.EventListener.onEvent(EventListener.java:22)
	at BAuction-1.3.3-ru(1).jar//org.by1337.bauction.event.EventManager.onEvent(EventManager.java:34)
	at BAuction-1.3.3-ru(1).jar//org.by1337.bauction.command.impl.SellCmd.execute(SellCmd.java:84)
	at BLib-1.5.3.jar//org.by1337.blib.command.CommandExecutor.execute(CommandExecutor.java:21)
	at BLib-1.5.3.jar//org.by1337.blib.command.Command.process(Command.java:158)
	at BLib-1.5.3.jar//org.by1337.blib.command.Command.process(Command.java:127)
	at BLib-1.5.3.jar//org.by1337.blib.command.Command.process(Command.java:110)
	at BAuction-1.3.3-ru(1).jar//org.by1337.bauction.Main.onCommand0(Main.java:362)
	at org.bukkit.command.PluginCommand.execute(PluginCommand.java:45)
	at io.papermc.paper.command.brigadier.bukkit.BukkitCommandNode$BukkitBrigCommand.run(BukkitCommandNode.java:82)
	at com.mojang.brigadier.context.ContextChain.runExecutable(ContextChain.java:73)
	at net.minecraft.commands.execution.tasks.ExecuteCommand.execute(ExecuteCommand.java:30)
	at net.minecraft.commands.execution.tasks.ExecuteCommand.execute(ExecuteCommand.java:13)
	at net.minecraft.commands.execution.UnboundEntryAction.lambda$bind$0(UnboundEntryAction.java:8)
	at net.minecraft.commands.execution.CommandQueueEntry.execute(CommandQueueEntry.java:5)
	at net.minecraft.commands.execution.ExecutionContext.runCommandQueue(ExecutionContext.java:105)
	at net.minecraft.commands.Commands.executeCommandInContext(Commands.java:450)
	at net.minecraft.commands.Commands.performCommand(Commands.java:357)
	at net.minecraft.commands.Commands.performCommand(Commands.java:347)
	at net.minecraft.commands.Commands.performCommand(Commands.java:341)
	at net.minecraft.server.network.ServerGamePacketListenerImpl.performSignedChatCommand(ServerGamePacketListenerImpl.java:2271)
	at net.minecraft.server.network.ServerGamePacketListenerImpl.lambda$handleSignedChatCommand$12(ServerGamePacketListenerImpl.java:2228)
	at net.minecraft.server.TickTask.run(TickTask.java:18)
	at net.minecraft.util.thread.BlockableEventLoop.doRunTask(BlockableEventLoop.java:155)
	at net.minecraft.util.thread.ReentrantBlockableEventLoop.doRunTask(ReentrantBlockableEventLoop.java:24)
	at net.minecraft.server.MinecraftServer.doRunTask(MinecraftServer.java:1448)
	at net.minecraft.server.MinecraftServer.doRunTask(MinecraftServer.java:176)
	at net.minecraft.util.thread.BlockableEventLoop.pollTask(BlockableEventLoop.java:129)
	at net.minecraft.server.MinecraftServer.pollTaskInternal(MinecraftServer.java:1428)
	at net.minecraft.server.MinecraftServer.pollTask(MinecraftServer.java:1422)
	at net.minecraft.util.thread.BlockableEventLoop.managedBlock(BlockableEventLoop.java:139)
	at net.minecraft.server.MinecraftServer.managedBlock(MinecraftServer.java:1379)
	at net.minecraft.server.MinecraftServer.waitUntilNextTick(MinecraftServer.java:1387)
	at net.minecraft.server.MinecraftServer.runServer(MinecraftServer.java:1264)
	at net.minecraft.server.MinecraftServer.lambda$spin$2(MinecraftServer.java:310)
	at java.base/java.lang.Thread.run(Thread.java:1583)

[21:53:46] [Server thread/INFO]: [DEBUG] CraftPlayer{name=31f1ee} use command ah 
[22:05:32] [Server thread/INFO]: Disabling BAuction v1.3.3
[22:05:32] [Server thread/INFO]: [DEBUG] disable disable PAPI hook
[22:05:32] [Server thread/INFO]: [DEBUG] disable disable logger
[22:05:32] [Server thread/INFO]: [DEBUG] disable disable BMenuApi
[22:05:32] [Server thread/INFO]: [DEBUG] disable disable db
[22:05:32] [Server thread/INFO]: saved 1 items, 1 users and 0 unsold items in 1 ms
[22:05:32] [Server thread/INFO]: [DEBUG] disable unregisterAdapters
