[12:07:50] [Server thread/INFO]: Starting Metrics. Opt-out using the global bStats config.
[12:08:02] [Server thread/INFO]: Enabling BAuction v1.3.3
[12:08:02] [Server thread/INFO]: [DEBUG] enable checkUpdate
[12:08:02] [Server thread/INFO]: [DEBUG] enable enable BMenuApi
[12:08:02] [Server thread/INFO]: [DEBUG] enable load MenuLoader
[12:08:02] [Server thread/INFO]: [DEBUG] enable load db cfg
[12:08:02] [Server thread/INFO]: [DEBUG] enable registerAdapters
[12:08:02] [Server thread/INFO]: [DEBUG] enable load UniqueNameGenerator
[12:08:02] [Server thread/INFO]: [DEBUG] enable load cfg
[12:08:02] [Server thread/INFO]: [DEBUG] enable load assetsManager
[12:08:02] [Server thread/INFO]: [DEBUG] enable load lang
[12:08:02] [Server thread/INFO]: [DEBUG] enable load logger
[12:08:02] [Server thread/INFO]: [DEBUG] enable load event manager
[12:08:02] [Server thread/INFO]: [DEBUG] enable load time util
[12:08:02] [Server thread/INFO]: [DEBUG] enable load TrieManager
[12:08:02] [Server thread/INFO]: [DEBUG] enable load econ
[12:08:02] [Server thread/INFO]: [DEBUG] enable load PAPI hook
[12:08:02] [Server thread/INFO]: [DEBUG] enable load black list
[12:08:02] [Server thread/INFO]: [DEBUG] enable load db
[12:08:02] [Server thread/INFO]: [DEBUG] enable check version
[12:08:02] [Server thread/INFO]: [DEBUG] enable init commands
[12:08:02] [bauc File Db loader/INFO]: Успешно загружено 0 предметов за 8 мс.
[15:06:46] [Server thread/INFO]: Disabling BAuction v1.3.3
[15:06:46] [Server thread/INFO]: [DEBUG] disable disable PAPI hook
[15:06:46] [Server thread/INFO]: [DEBUG] disable disable logger
[15:06:46] [Server thread/INFO]: [DEBUG] disable disable BMenuApi
[15:06:46] [Server thread/INFO]: [DEBUG] disable disable db
[15:06:46] [Server thread/INFO]: saved 0 items, 3 users and 0 unsold items in 0 ms
[15:06:46] [Server thread/INFO]: [DEBUG] disable unregisterAdapters
