[15:51:01] [Server thread/INFO]: Starting Metrics. Opt-out using the global bStats config.
[15:51:23] [Server thread/INFO]: Enabling BAuction v1.3.3
[15:51:23] [Server thread/INFO]: [DEBUG] enable checkUpdate
[15:51:23] [Server thread/INFO]: [DEBUG] enable enable BMenuApi
[15:51:23] [Server thread/INFO]: [DEBUG] enable load MenuLoader
[15:51:23] [Server thread/INFO]: [DEBUG] enable load db cfg
[15:51:23] [Server thread/INFO]: [DEBUG] enable registerAdapters
[15:51:23] [Server thread/INFO]: [DEBUG] enable load UniqueNameGenerator
[15:51:23] [Server thread/INFO]: [DEBUG] enable load cfg
[15:51:23] [Server thread/INFO]: [DEBUG] enable load assetsManager
[15:51:23] [Server thread/INFO]: [DEBUG] enable load lang
[15:51:23] [Server thread/INFO]: [DEBUG] enable load logger
[15:51:23] [Server thread/INFO]: [DEBUG] enable load event manager
[15:51:23] [Server thread/INFO]: [DEBUG] enable load time util
[15:51:23] [Server thread/INFO]: [DEBUG] enable load TrieManager
[15:51:23] [Server thread/INFO]: [DEBUG] enable load econ
[15:51:23] [Server thread/INFO]: [DEBUG] enable load PAPI hook
[15:51:23] [Server thread/INFO]: [DEBUG] enable load black list
[15:51:23] [Server thread/INFO]: [DEBUG] enable load db
[15:51:23] [Server thread/INFO]: [DEBUG] enable check version
[15:51:23] [Server thread/INFO]: [DEBUG] enable init commands
[15:51:23] [bauc File Db loader/INFO]: Успешно загружено 0 предметов за 15 мс.
