[16:00:43] [Server thread/INFO]: Starting Metrics. Opt-out using the global bStats config.
[16:01:03] [Server thread/INFO]: Enabling BAuction v1.3.3
[16:01:03] [Server thread/INFO]: [DEBUG] enable checkUpdate
[16:01:03] [Server thread/INFO]: [DEBUG] enable enable BMenuApi
[16:01:03] [Server thread/INFO]: [DEBUG] enable load MenuLoader
[16:01:03] [Server thread/INFO]: [DEBUG] enable load db cfg
[16:01:03] [Server thread/INFO]: [DEBUG] enable registerAdapters
[16:01:03] [Server thread/INFO]: [DEBUG] enable load UniqueNameGenerator
[16:01:03] [Server thread/INFO]: [DEBUG] enable load cfg
[16:01:03] [Server thread/INFO]: [DEBUG] enable load assetsManager
[16:01:03] [Server thread/INFO]: [DEBUG] enable load lang
[16:01:03] [Server thread/INFO]: [DEBUG] enable load logger
[16:01:03] [Server thread/INFO]: [DEBUG] enable load event manager
[16:01:03] [Server thread/INFO]: [DEBUG] enable load time util
[16:01:03] [Server thread/INFO]: [DEBUG] enable load TrieManager
[16:01:03] [Server thread/INFO]: [DEBUG] enable load econ
[16:01:03] [Server thread/INFO]: [DEBUG] enable load PAPI hook
[16:01:03] [Server thread/INFO]: [DEBUG] enable load black list
[16:01:03] [Server thread/INFO]: [DEBUG] enable load db
[16:01:03] [Server thread/INFO]: [DEBUG] enable check version
[16:01:03] [Server thread/INFO]: [DEBUG] enable init commands
[16:01:03] [bauc File Db loader/INFO]: Успешно загружено 0 предметов за 9 мс.
[16:07:14] [Server thread/INFO]: Disabling BAuction v1.3.3
[16:07:14] [Server thread/INFO]: [DEBUG] disable disable PAPI hook
[16:07:15] [Server thread/INFO]: [DEBUG] disable disable logger
[16:07:15] [Server thread/INFO]: [DEBUG] disable disable BMenuApi
[16:07:15] [Server thread/INFO]: [DEBUG] disable disable db
