[22:10:20] [Server thread/INFO]: Starting Metrics. Opt-out using the global bStats config.
[22:10:33] [Server thread/INFO]: Enabling BAuction v1.3.3
[22:10:33] [Server thread/INFO]: [DEBUG] enable checkUpdate
[22:10:33] [Server thread/INFO]: [DEBUG] enable enable BMenuApi
[22:10:33] [Server thread/INFO]: [DEBUG] enable load MenuLoader
[22:10:33] [Server thread/INFO]: [DEBUG] enable load db cfg
[22:10:33] [Server thread/INFO]: [DEBUG] enable registerAdapters
[22:10:33] [Server thread/INFO]: [DEBUG] enable load UniqueNameGenerator
[22:10:33] [Server thread/INFO]: [DEBUG] enable load cfg
[22:10:33] [Server thread/INFO]: [DEBUG] enable load assetsManager
[22:10:33] [Server thread/INFO]: [DEBUG] enable load lang
[22:10:33] [Server thread/INFO]: [DEBUG] enable load logger
[22:10:33] [Server thread/INFO]: [DEBUG] enable load event manager
[22:10:33] [Server thread/INFO]: [DEBUG] enable load time util
[22:10:33] [Server thread/INFO]: [DEBUG] enable load TrieManager
[22:10:33] [Server thread/INFO]: [DEBUG] enable load econ
[22:10:33] [Server thread/INFO]: [DEBUG] enable load PAPI hook
[22:10:33] [Server thread/INFO]: [DEBUG] enable load black list
[22:10:33] [Server thread/INFO]: [DEBUG] enable load db
[22:10:33] [Server thread/INFO]: [DEBUG] enable check version
[22:10:33] [Server thread/INFO]: [DEBUG] enable init commands
[22:10:33] [bauc File Db loader/INFO]: Успешно загружено 2 предметов за 10 мс.
[22:11:10] [Server thread/INFO]: [DEBUG] CraftPlayer{name=31f1ee} use command ah 
[12:51:44] [Server thread/INFO]: [DEBUG] CraftPlayer{name=31f1eUi} use command ah 
[14:19:56] [Server thread/INFO]: Disabling BAuction v1.3.3
[14:19:56] [Server thread/INFO]: [DEBUG] disable disable PAPI hook
[14:19:56] [Server thread/INFO]: [DEBUG] disable disable logger
[14:19:56] [Server thread/INFO]: [DEBUG] disable disable BMenuApi
[14:19:56] [Server thread/INFO]: [DEBUG] disable disable db
[14:19:56] [Server thread/INFO]: saved 0 items, 2 users and 0 unsold items in 1 ms
[14:19:56] [Server thread/INFO]: [DEBUG] disable unregisterAdapters
