[21:04:06] [Server thread/INFO]: Starting Metrics. Opt-out using the global bStats config.
[21:04:23] [Server thread/INFO]: Enabling BAuction v1.3.3
[21:04:23] [Server thread/INFO]: [DEBUG] enable checkUpdate
[21:04:23] [Server thread/INFO]: [DEBUG] enable enable BMenuApi
[21:04:23] [Server thread/INFO]: [DEBUG] enable load MenuLoader
[21:04:23] [Server thread/INFO]: [DEBUG] enable load db cfg
[21:04:23] [Server thread/INFO]: [DEBUG] enable registerAdapters
[21:04:23] [Server thread/INFO]: [DEBUG] enable load UniqueNameGenerator
[21:04:23] [Server thread/INFO]: [DEBUG] enable load cfg
[21:04:23] [Server thread/INFO]: [DEBUG] enable load assetsManager
[21:04:23] [Server thread/INFO]: [DEBUG] enable load lang
[21:04:23] [Server thread/INFO]: [DEBUG] enable load logger
[21:04:23] [Server thread/INFO]: [DEBUG] enable load event manager
[21:04:23] [Server thread/INFO]: [DEBUG] enable load time util
[21:04:23] [Server thread/INFO]: [DEBUG] enable load TrieManager
[21:04:23] [Server thread/INFO]: [DEBUG] enable load econ
[21:04:23] [Server thread/INFO]: [DEBUG] enable load PAPI hook
[21:04:23] [Server thread/INFO]: [DEBUG] enable load black list
[21:04:23] [Server thread/INFO]: [DEBUG] enable load db
[21:04:23] [Server thread/INFO]: [DEBUG] enable check version
[21:04:23] [Server thread/INFO]: [DEBUG] enable init commands
[21:04:23] [bauc File Db loader/INFO]: Успешно загружено 1 предметов за 23 мс.
[21:04:40] [Server thread/INFO]: [DEBUG] CraftPlayer{name=31f1ee} use command ah 
[21:04:43] [Server thread/INFO]: [DEBUG] CraftPlayer{name=31f1ee} use command ah 
[21:04:59] [Server thread/INFO]: Disabling BAuction v1.3.3
[21:04:59] [Server thread/INFO]: [DEBUG] disable disable PAPI hook
[21:04:59] [Server thread/INFO]: [DEBUG] disable disable logger
[21:04:59] [Server thread/INFO]: [DEBUG] disable disable BMenuApi
[21:04:59] [Server thread/INFO]: [DEBUG] disable disable db
[21:04:59] [Server thread/SEVERE]: failed to save db
java.io.IOException: Нет такого файла или каталога
	at java.base/java.io.UnixFileSystem.createFileExclusively0(Native Method)
	at java.base/java.io.UnixFileSystem.createFileExclusively(UnixFileSystem.java:258)
	at java.base/java.io.File.createNewFile(File.java:1045)
	at BAuction-1.3.3-ru.jar//org.by1337.bauction.db.kernel.FileDataBase.save(FileDataBase.java:442)
	at BAuction-1.3.3-ru.jar//org.by1337.bauction.Main.lambda$initEnablePipeline$19(Main.java:202)
	at BAuction-1.3.3-ru.jar//org.by1337.bauction.util.plugin.PluginEnablePipeline.onDisable(PluginEnablePipeline.java:36)
	at BAuction-1.3.3-ru.jar//org.by1337.bauction.Main.onDisable(Main.java:226)
	at org.bukkit.plugin.java.JavaPlugin.setEnabled(JavaPlugin.java:286)
	at io.papermc.paper.plugin.manager.PaperPluginInstanceManager.disablePlugin(PaperPluginInstanceManager.java:237)
	at io.papermc.paper.plugin.manager.PaperPluginInstanceManager.disablePlugins(PaperPluginInstanceManager.java:161)
	at io.papermc.paper.plugin.manager.PaperPluginManagerImpl.disablePlugins(PaperPluginManagerImpl.java:97)
	at org.bukkit.plugin.SimplePluginManager.disablePlugins(SimplePluginManager.java:541)
	at org.bukkit.craftbukkit.CraftServer.disablePlugins(CraftServer.java:626)
	at net.minecraft.server.MinecraftServer.stopServer(MinecraftServer.java:1007)
	at net.minecraft.server.dedicated.DedicatedServer.stopServer(DedicatedServer.java:757)
	at net.minecraft.server.MinecraftServer.runServer(MinecraftServer.java:1294)
	at net.minecraft.server.MinecraftServer.lambda$spin$2(MinecraftServer.java:310)
	at java.base/java.lang.Thread.run(Thread.java:1583)

[21:04:59] [Server thread/INFO]: [DEBUG] disable unregisterAdapters
