[18:23:07] [Server thread/INFO]: Starting Metrics. Opt-out using the global bStats config.
[18:23:30] [Server thread/INFO]: Enabling BAuction v1.3.3
[18:23:30] [Server thread/INFO]: [DEBUG] enable checkUpdate
[18:23:30] [Server thread/INFO]: [DEBUG] enable enable BMenuApi
[18:23:30] [Server thread/INFO]: [DEBUG] enable load MenuLoader
[18:23:30] [Server thread/INFO]: [DEBUG] enable load db cfg
[18:23:30] [Server thread/INFO]: [DEBUG] enable registerAdapters
[18:23:30] [Server thread/INFO]: [DEBUG] enable load UniqueNameGenerator
[18:23:30] [Server thread/INFO]: [DEBUG] enable load cfg
[18:23:30] [Server thread/INFO]: [DEBUG] enable load assetsManager
[18:23:30] [Server thread/INFO]: [DEBUG] enable load lang
[18:23:30] [Server thread/INFO]: [DEBUG] enable load logger
[18:23:30] [Server thread/INFO]: [DEBUG] enable load event manager
[18:23:30] [Server thread/INFO]: [DEBUG] enable load time util
[18:23:30] [Server thread/INFO]: [DEBUG] enable load TrieManager
[18:23:30] [Server thread/INFO]: [DEBUG] enable load econ
[18:23:30] [Server thread/INFO]: [DEBUG] enable load PAPI hook
[18:23:30] [Server thread/INFO]: [DEBUG] enable load black list
[18:23:30] [Server thread/INFO]: [DEBUG] enable load db
[18:23:30] [Server thread/INFO]: [DEBUG] enable check version
[18:23:30] [Server thread/INFO]: [DEBUG] enable init commands
[18:23:30] [bauc File Db loader/INFO]: Успешно загружено 0 предметов за 10 мс.
